Mon Mar 25 23:27:47 CET 2013 :1364217358248.log 
Mon Mar 25 23:27:47 CET 2013 :1364217380106.log 
Mon Mar 25 23:27:47 CET 2013 :1364245375501.log 
Mon Mar 25 23:27:47 CET 2013 :1364245553929.log 
Mon Mar 25 23:53:06 CET 2013 :1364217358248.log 
Mon Mar 25 23:53:36 CET 2013 :1364217358248.log 
Mon Mar 25 23:53:45 CET 2013 :1364217358248.log 
Mon Mar 25 23:54:01 CET 2013 :1364217358248.log 
Mon Mar 25 23:54:14 CET 2013 :1364217358248.log 
Mon Mar 25 23:54:43 CET 2013 :1364217358248.log 
Mon Mar 25 23:54:57 CET 2013 :1364217358248.log 
Mon Mar 25 23:55:22 CET 2013 :1364217358248.log 
Mon Mar 25 23:55:36 CET 2013 :1364217358248.log 
Mon Mar 25 23:55:40 CET 2013 :1364217358248.log 
Mon Mar 25 23:55:45 CET 2013 :1364217358248.log 
Mon Mar 25 23:56:06 CET 2013 :1364217358248.log 
Mon Mar 25 23:56:39 CET 2013 :1364217358248.log 
Mon Mar 25 23:57:11 CET 2013 :1364217358248.log 
Mon Mar 25 23:57:53 CET 2013 :1364217358248.log 
Mon Mar 25 23:59:16 CET 2013 :1364217358248.log 
Mon Mar 25 23:59:49 CET 2013 :1364217358248.log 
Tue Mar 26 0:02:04 CET 2013 :1364217358248.log 
Tue Mar 26 0:02:05 CET 2013 :1364217380106.log 
Tue Mar 26 0:02:05 CET 2013 :1364245375501.log 
Tue Mar 26 0:02:06 CET 2013 :1364245553929.log 
Tue Mar 26 0:02:06 CET 2013 :1364252049300.log 
Tue Mar 26 0:09:18 CET 2013 :1364217358248.log 
Tue Mar 26 0:10:13 CET 2013 :1364217380106.log 
Tue Mar 26 0:11:30 CET 2013 :1364245375501.log 
Tue Mar 26 0:14:55 CET 2013 :1364245553929.log 
Tue Mar 26 0:15:16 CET 2013 :1364252049300.log 
Tue Mar 26 0:18:04 CET 2013 :1364217358248.log 
Tue Mar 26 0:18:27 CET 2013 :1364217380106.log 
Tue Mar 26 0:18:27 CET 2013 :1364245375501.log 
Tue Mar 26 0:18:28 CET 2013 :1364245553929.log 
Tue Mar 26 0:18:43 CET 2013 :1364252049300.log 
Tue Mar 26 0:20:43 CET 2013 :1364217358248.log 
Tue Mar 26 0:20:52 CET 2013 :1364217380106.log 
Tue Mar 26 0:20:53 CET 2013 :1364245553929.log 
Tue Mar 26 0:20:53 CET 2013 :1364252049300.log 
Tue Mar 26 0:21:41 CET 2013 :1364217358248.log 
Tue Mar 26 0:21:41 CET 2013 :1364217380106.log 
Tue Mar 26 0:21:41 CET 2013 :1364245553929.log 
Tue Mar 26 0:24:45 CET 2013 :1364217358248.log 
Tue Mar 26 0:24:45 CET 2013 :1364217380106.log 
Tue Mar 26 0:24:45 CET 2013 :1364245553929.log 
Tue Mar 26 0:28:44 CET 2013 :1364217358248.log 
Tue Mar 26 0:28:44 CET 2013 :1364245553929.log 
Tue Mar 26 0:28:44 CET 2013 :1364217380106.log 
Tue Mar 26 0:32:16 CET 2013 :1364254328902.log 
Tue Mar 26 0:32:29 CET 2013 :1364254346226.log 
Tue Mar 26 0:35:26 CET 2013 :1364254521337.log 
Tue Mar 26 0:50:54 CET 2013 :1364255395785.log 
Tue Mar 26 0:52:05 CET 2013 :1364255465169.log 
Tue Mar 26 0:53:42 CET 2013 :1364255535067.log 
Tue Mar 26 0:54:07 CET 2013 :1364255640735.log 
Tue Mar 26 0:54:07 CET 2013 :1364255647145.log 
Tue Mar 26 0:57:11 CET 2013 :1364255811324.log 
Tue Mar 26 1:00:30 CET 2013 :1364256030943.log 
Tue Mar 26 1:09:14 CET 2013 :1364256548335.log 
Tue Mar 26 1:09:14 CET 2013 :1364256551947.log 
Tue Mar 26 1:09:15 CET 2013 :1364256553099.log 
Tue Mar 26 1:09:15 CET 2013 :1364256554267.log 
Tue Mar 26 1:23:17 CET 2013 :1364256551947.log 
Tue Mar 26 1:23:17 CET 2013 :1364256553099.log 
Tue Mar 26 1:24:01 CET 2013 :1364256551947.log 
Tue Mar 26 1:24:01 CET 2013 :1364256553099.log 
Tue Mar 26 1:25:04 CET 2013 :1364256551947.log 
Tue Mar 26 1:25:04 CET 2013 :1364256553099.log 
Tue Mar 26 1:25:20 CET 2013 :1364256551947.log 
Tue Mar 26 1:25:22 CET 2013 :1364256553099.log 
Tue Mar 26 1:33:39 CET 2013 :1364256551947.log 
Tue Mar 26 1:33:40 CET 2013 :1364256553099.log 
Tue Mar 26 1:40:26 CET 2013 :1364256551947.log 
Tue Mar 26 1:40:27 CET 2013 :1364256553099.log 
Tue Mar 26 1:40:43 CET 2013 :1364256551947.log 
Tue Mar 26 1:40:43 CET 2013 :1364256553099.log 
Tue Mar 26 1:40:44 CET 2013 :1364258441438.log 
Tue Mar 26 1:41:31 CET 2013 :1364256551947.log 
Tue Mar 26 1:41:32 CET 2013 :1364256553099.log 
Tue Mar 26 1:41:33 CET 2013 :1364258474945.log 
Tue Mar 26 1:41:33 CET 2013 :1364258490037.log 
Tue Mar 26 1:44:23 CET 2013 :1364256551947.log 
Tue Mar 26 1:44:24 CET 2013 :1364256553099.log 
Tue Mar 26 1:50:01 CET 2013 :1364256551947.log 
Tue Mar 26 1:50:01 CET 2013 :1364256553099.log 
Tue Mar 26 1:51:20 CET 2013 :1364256551947.log 
Tue Mar 26 1:51:20 CET 2013 :1364256553099.log 
Tue Mar 26 1:51:45 CET 2013 :1364256553099.log 
Tue Mar 26 1:51:45 CET 2013 :1364256551947.log 
Tue Mar 26 1:53:47 CET 2013 :1364256553099.log 
Tue Mar 26 1:53:47 CET 2013 :1364256551947.log 
Tue Mar 26 1:54:42 CET 2013 :1364256551947.log 
Tue Mar 26 1:54:42 CET 2013 :1364256553099.log 
Tue Mar 26 1:57:24 CET 2013 :1364256551947.log 
Tue Mar 26 1:57:24 CET 2013 :1364256553099.log 
Tue Mar 26 2:01:54 CET 2013 :1364256551947.log 
Tue Mar 26 2:01:55 CET 2013 :1364256553099.log 
Tue Mar 26 2:02:23 CET 2013 :1364256551947.log 
Tue Mar 26 2:02:29 CET 2013 :1364256553099.log 
Tue Mar 26 2:03:52 CET 2013 :1364256551947.log 
Tue Mar 26 2:03:52 CET 2013 :1364256553099.log 
Tue Mar 26 2:06:35 CET 2013 :1364256551947.log 
Tue Mar 26 2:06:35 CET 2013 :1364256553099.log 
Tue Mar 26 2:06:54 CET 2013 :1364256553099.log 
Tue Mar 26 2:06:54 CET 2013 :1364256551947.log 
Tue Mar 26 2:06:54 CET 2013 :1364260013242.log 
Tue Mar 26 2:06:59 CET 2013 :1364256551947.log 
Tue Mar 26 2:08:09 CET 2013 :1364260088721.log 
Tue Mar 26 2:14:53 CET 2013 :1364260491433.log 
Tue Mar 26 2:14:53 CET 2013 :1364260490964.log 
Tue Mar 26 2:14:53 CET 2013 :1364260491571.log 
Tue Mar 26 2:14:53 CET 2013 :1364260491186.log 
Tue Mar 26 2:15:03 CET 2013 :1364260500537.log 
Tue Mar 26 2:15:03 CET 2013 :1364260500402.log 
Tue Mar 26 2:15:03 CET 2013 :1364260500635.log 
Tue Mar 26 2:15:03 CET 2013 :1364260500373.log 
Tue Mar 26 2:15:23 CET 2013 :1364260521980.log 
Tue Mar 26 2:15:23 CET 2013 :1364260521694.log 
Tue Mar 26 2:15:23 CET 2013 :1364260522049.log 
Tue Mar 26 2:15:23 CET 2013 :1364260521597.log 
Tue Mar 26 2:15:48 CET 2013 :1364260548107.log 
Tue Mar 26 2:15:48 CET 2013 :1364260548744.log 
Tue Mar 26 2:15:48 CET 2013 :1364260548617.log 
Tue Mar 26 2:15:48 CET 2013 :1364260548096.log 
Tue Mar 26 2:15:48 CET 2013 :1364260548280.log 
Tue Mar 26 2:20:44 CET 2013 :1364260844602.log 
Tue Mar 26 2:20:44 CET 2013 :1364260843972.log 
Tue Mar 26 16:10:40 CET 2013 :1364310630117.log 
Tue Mar 26 16:13:35 CET 2013 :1364310712785.log 
Tue Mar 26 16:14:41 CET 2013 :1364310879775.log 
Wed Mar 27 14:45:41 CET 2013 :1364391940792.log 
Wed Mar 27 14:50:41 CET 2013 :1364391940792.log 
Wed Mar 27 14:50:42 CET 2013 :1364391940792.log 
Wed Mar 27 14:50:45 CET 2013 :1364391940792.log 
Wed Mar 27 15:04:09 CET 2013 :1364391940792.log 
Wed Mar 27 15:04:35 CET 2013 :o1364393073734289.log 
Wed Mar 27 15:47:01 CET 2013 :o1364393073734289.log 
Wed Mar 27 15:47:46 CET 2013 :o1364395664784788.log 
Wed Mar 27 15:53:48 CET 2013 :o1364393073734289.log 
Wed Mar 27 15:53:48 CET 2013 :o1364395664784788.log 
Wed Mar 27 15:53:53 CET 2013 :o1364396030570229.log 
Wed Mar 27 15:53:57 CET 2013 :o1364393073734289.log 
Wed Mar 27 15:53:57 CET 2013 :o1364396030570229.log 
Wed Mar 27 15:53:57 CET 2013 :o1364396036398282.log 
Wed Mar 27 15:53:57 CET 2013 :o1364395664784788.log 
Wed Mar 27 15:54:02 CET 2013 :o1364396039318898.log 
Wed Mar 27 15:55:34 CET 2013 :o1364396030570229.log 
Wed Mar 27 15:55:34 CET 2013 :o1364396039318898.log 
Wed Mar 27 15:55:34 CET 2013 :o1364396036398282.log 
Wed Mar 27 15:55:34 CET 2013 :o1364395664784788.log 
Wed Mar 27 15:55:34 CET 2013 :o1364393073734289.log 
Wed Mar 27 15:55:39 CET 2013 :o1364396138300817.log 
Wed Mar 27 15:58:12 CET 2013 :o1364396248004116.log 
Wed Mar 27 15:58:26 CET 2013 :o1364396303476278.log 
Wed Mar 27 15:58:31 CET 2013 :o1364396308917245.log 
Wed Mar 27 16:01:49 CET 2013 :o1364396507081930.log 
Wed Mar 27 16:02:05 CET 2013 :o1364396507081930.log 
Wed Mar 27 16:02:12 CET 2013 :o1364396530016453.log 
Wed Mar 27 16:04:32 CET 2013 :o1364396669876903.log 
Wed Mar 27 16:05:21 CET 2013 :o1364396720478132.log 
Wed Mar 27 17:32:54 CET 2013 :o1364401974526293.log 
Wed Mar 27 17:33:04 CET 2013 :o1364401983149656.log 
Wed Mar 27 17:34:05 CET 2013 :o1364402043438802.log 
Wed Mar 27 17:34:24 CET 2013 :o1364402060173730.log 
Wed Mar 27 17:34:41 CET 2013 :o1364402078676381.log 
Wed Mar 27 17:38:34 CET 2013 :o1364402313855407.log 
Wed Mar 27 17:38:45 CET 2013 :o1364402324980819.log 
Wed Mar 27 17:38:55 CET 2013 :o1364402332964623.log 
Wed Mar 27 17:40:43 CET 2013 :o1364402443616952.log 
Wed Mar 27 17:40:48 CET 2013 :o1364402448240478.log 
Wed Mar 27 17:41:49 CET 2013 :o1364402508711350.log 
Wed Mar 27 17:42:29 CET 2013 :o1364402544863170.log 
Wed Mar 27 17:44:04 CET 2013 :o1364402642671271.log 
Wed Mar 27 17:44:18 CET 2013 :o1364402642671271.log 
Wed Mar 27 17:44:58 CET 2013 :o1364402696806307.log 
Wed Mar 27 17:49:56 CET 2013 :o1364402995243754.log 
Wed Mar 27 17:50:16 CET 2013 :o1364403012892962.log 
Wed Mar 27 22:25:14 CET 2013 :o1364419510828956.log 
Wed Mar 27 22:25:24 CET 2013 :o1364419520025450.log 
Wed Mar 27 22:25:24 CET 2013 :o136441952277276.log 
Wed Mar 27 22:25:38 CET 2013 :o1364419510828956.log 
Wed Mar 27 22:25:38 CET 2013 :o1364419520025450.log 
Wed Mar 27 22:25:39 CET 2013 :o136441952277276.log 
Wed Mar 27 22:26:15 CET 2013 :o1364419510828956.log 
Wed Mar 27 22:26:15 CET 2013 :o1364419520025450.log 
Wed Mar 27 22:26:15 CET 2013 :o136441952277276.log 
Wed Mar 27 22:26:56 CET 2013 :o1364419510828956.log 
Wed Mar 27 22:26:56 CET 2013 :o136441952277276.log 
Wed Mar 27 22:26:56 CET 2013 :o1364419520025450.log 
Wed Mar 27 22:27:06 CET 2013 :o1364419626325600.log 
Wed Mar 27 22:32:15 CET 2013 :o1364419931862485.log 
Wed Mar 27 22:39:25 CET 2013 :o1364419940400923.log 
Wed Mar 27 22:40:52 CET 2013 :o1364419940400923.log 
Wed Mar 27 22:40:52 CET 2013 :o1364420370123618.log 
Wed Mar 27 22:41:52 CET 2013 :o1364420510347712.log 
Wed Mar 27 22:42:14 CET 2013 :o1364419940400923.log 
Wed Mar 27 22:42:14 CET 2013 :o1364420510347712.log 
Wed Mar 27 22:42:14 CET 2013 :o1364420370123618.log 
Wed Mar 27 22:42:24 CET 2013 :o1364420540361217.log 
Wed Mar 27 22:49:21 CET 2013 :o1364420957833416.log 
Wed Mar 27 22:50:08 CET 2013 :o1364420957833416.log 
Wed Mar 27 22:51:09 CET 2013 :o1364421069411604.log 
Thu Mar 28 0:29:23 CET 2013 :o1364426961279293.log 
Thu Mar 28 0:30:28 CET 2013 :o1364427006371842.log 
Thu Mar 28 0:30:58 CET 2013 :o1364427054104239.log 
Thu Mar 28 0:32:30 CET 2013 :o1364427119782926.log 
Thu Mar 28 0:34:44 CET 2013 :o1364427243992610.log 
Thu Mar 28 0:39:15 CET 2013 :o1364427291897561.log 
Thu Mar 28 0:39:44 CET 2013 :o1364427562312313.log 
Thu Mar 28 0:46:00 CET 2013 :o1364427671106260.log 
Thu Mar 28 0:46:29 CET 2013 :o1364427972507819.log 
Thu Mar 28 0:46:39 CET 2013 :o1364427997044543.log 
Thu Mar 28 0:47:09 CET 2013 :o1364428002821917.log 
Thu Mar 28 0:47:09 CET 2013 :o1364428023455519.log 
Thu Mar 28 12:35:29 CET 2013 :o1364470520787789.log 
Thu Mar 28 12:35:34 CET 2013 :o1364470520787789.log 
Thu Mar 28 12:35:34 CET 2013 :o136447053306084.log 
Thu Mar 28 12:35:34 CET 2013 :o1364470534223629.log 
Thu Mar 28 12:36:04 CET 2013 :o1364470537612171.log 
Thu Mar 28 13:17:34 CET 2013 :o1364473054275235.log 
Thu Mar 28 13:19:40 CET 2013 :o1364473054275235.log 
Thu Mar 28 13:22:25 CET 2013 :o136447334340232.log 
Thu Mar 28 13:22:55 CET 2013 :o136447337216572.log 
Thu Mar 28 13:24:06 CET 2013 :o1364473441784869.log 
Fri Mar 29 21:03:06 CET 2013 :o1364587386109804.log 
Fri Mar 29 21:04:36 CET 2013 :o1364587473908466.log 
Fri Mar 29 21:05:25 CET 2013 :o1364587386109804.log 
Fri Mar 29 21:05:25 CET 2013 :o1364587473908466.log 
Fri Mar 29 21:05:38 CET 2013 :o1364587386109804.log 
Fri Mar 29 21:05:38 CET 2013 :o1364587473908466.log 
Fri Mar 29 21:05:38 CET 2013 :o1364587537810358.log 
Fri Mar 29 21:14:45 CET 2013 :o1364587386109804.log 
Fri Mar 29 21:14:45 CET 2013 :o1364587473908466.log 
Fri Mar 29 21:14:45 CET 2013 :o1364587537810358.log 
Fri Mar 29 21:15:06 CET 2013 :o1364587537810358.log 
Fri Mar 29 21:15:29 CET 2013 :o1364588128310236.log 
Fri Mar 29 21:17:56 CET 2013 :o1364588275685101.log 
Fri Mar 29 21:22:18 CET 2013 :o136458853785822.log 
Fri Mar 29 21:22:51 CET 2013 :o1364588570827148.log 
Fri Mar 29 21:23:46 CET 2013 :o1364588625723444.log 
Fri Mar 29 21:27:25 CET 2013 :o1364588845438458.log 
Fri Mar 29 21:27:32 CET 2013 :o1364588851407228.log 
Fri Mar 29 21:27:55 CET 2013 :o1364588872286653.log 
Fri Mar 29 21:28:26 CET 2013 :o136458890092378.log 
Fri Mar 29 21:29:07 CET 2013 :o1364588920001175.log 
Fri Mar 29 23:40:22 CET 2013 :o1364596793887558.log 
Sat Mar 30 2:57:35 CET 2013 :o1364608648731219.log 
